<?xml version="1.0" encoding="UTF-8"?>
<testsuite xmlns:xsi="http://www.w3.org/2001/XMLSchema-instance" xsi:noNamespaceSchemaLocation="https://maven.apache.org/surefire/maven-surefire-plugin/xsd/surefire-test-report-3.0.xsd" version="3.0" name="com.calidad.unittest.calculadora.CalculadoraTest" time="0.129" tests="4" errors="0" skipped="0" failures="0">
  <properties>
[...]
</properties>
  <testcase name="testRestaNumeroPositivos" classname="com.calidad.unittest.calculadora.CalculadoraTest" time="0.053">
    <system-out><![CDATA[Inicializando....
La resta de 10.0 - 5.0 es 5.0
Prueba finalizada
]]></system-out>
  </testcase>
  <testcase name="testMultiplicacionNumeroPositivos" classname="com.calidad.unittest.calculadora.CalculadoraTest" time="0.011">
    <system-out><![CDATA[Inicializando....
La multiplicacion de 10.0 * 5.0 es 50.0
Prueba finalizada
]]></system-out>
  </testcase>
  <testcase name="testSumaNumeroPositivos" classname="com.calidad.unittest.calculadora.CalculadoraTest" time="0.002">
    <system-out><![CDATA[Inicializando....
La suma de 10.0 + 5.0 es 15.0
Prueba finalizada
]]></system-out>
  </testcase>
  <testcase name="testDivideNumeroPositivos" classname="com.calidad.unittest.calculadora.CalculadoraTest" time="0.006">
    <system-out><![CDATA[Inicializando....
La division de 10.0 / 5.0 es 2.0
Prueba finalizada
]]></system-out>
  </testcase>
</testsuite>